<?xml version="1.0" encoding="UTF-8"?>
<testsuites name="Calt_Suite" time="85.578" tests="5" failures="1" skips="0" errors="0">
   <testsuite name="Calt_Suite" tests="5" failures="1" errors="0" time="85.578" skips="0" timestamp="2021-03-31 01:12:02" hostname="Kanon - DESKTOP-HGJLHQ5" id="Test Suites/Prospace Factorial/Calt_Suite">
      <properties>
         <property name="deviceName" value=""/>
         <property name="devicePlatform" value=""/>
         <property name="logFolder" value="C:\\Users\\Kanon\\git\\Prospace-Factorial\\Reports\\20210331_011140\\Prospace Factorial\\Calt_Suite\\20210331_011140"/>
         <property name="logFiles" value="C:\\Users\\Kanon\\git\\Prospace-Factorial\\Reports\\20210331_011140\\Prospace Factorial\\Calt_Suite\\20210331_011140\\execution0.log"/>
         <property name="attachments" value="C:\\Users\\Kanon\\git\\Prospace-Factorial\\Reports\\20210331_011140\\Prospace Factorial\\Calt_Suite\\20210331_011140\\1617127979454.png, C:\\Users\\Kanon\\git\\Prospace-Factorial\\Reports\\20210331_011140\\Prospace Factorial\\Calt_Suite\\20210331_011140\\1617127980104.png"/>
         <property name="hostName" value="Kanon - DESKTOP-HGJLHQ5"/>
         <property name="os" value="Windows 10 64bit"/>
         <property name="katalonVersion" value="7.9.1.208"/>
         <property name="browser" value="Chrome 89.0.4389.90"/>
         <property name="hostAddress" value="192.168.1.211"/>
         <property name="sessionId" value="71bc370b19dc37bbf25f1bf0bf80c5d1"/>
         <property name="seleniumVersion" value="3.141.59"/>
         <property name="proxyInformation" value="ProxyInformation { proxyOption=NO_PROXY, proxyServerType=HTTP, username=, password=********, proxyServerAddress=, proxyServerPort=0, executionList=&quot;&quot;, isApplyToDesiredCapabilities=true }"/>
         <property name="platform" value="Windows 10"/>
      </properties>
      <testcase name="Test Cases/Prospace Factorial/Calt_001" time="17.671" classname="Test Cases/Prospace Factorial/Calt_001" status="PASSED">
         <system-out><![CDATA[2021-03-31 01:12:07 - [TEST_CASE][PASSED] - Test Cases/Prospace Factorial/Calt_001: Test Cases/Prospace Factorial/Calt_001

2021-03-31 01:12:09 - [TEST_STEP][PASSED] - openBrowser(""): Browser is opened with url: ''

2021-03-31 01:12:11 - [MESSAGE][INFO] - Starting 'Chrome' driver

2021-03-31 01:12:11 - [MESSAGE][INFO] - Action delay is set to 0 milliseconds

2021-03-31 01:12:18 - [MESSAGE][PASSED] - Browser is opened with url: ''

2021-03-31 01:12:18 - [TEST_STEP][PASSED] - navigateToUrl("http://z29vzcbmaw5kaw5nigzvcib5b3u.prospace.io/"): Navigate to 'http://z29vzcbmaw5kaw5nigzvcib5b3u.prospace.io/' successfully

2021-03-31 01:12:20 - [MESSAGE][PASSED] - Navigate to 'http://z29vzcbmaw5kaw5nigzvcib5b3u.prospace.io/' successfully

2021-03-31 01:12:20 - [TEST_STEP][PASSED] - setText(findTestObject("Object Repository/Prospace_factorial (Home)/Page_Prospace factorial/input_Prospace factoral calculator_number"), "5"): Text '5' is set on object 'Object Repository/Prospace_factorial (Home)/Page_Prospace factorial/input_Prospace factoral calculator_number'

2021-03-31 01:12:22 - [MESSAGE][PASSED] - Text '5' is set on object 'Object Repository/Prospace_factorial (Home)/Page_Prospace factorial/input_Prospace factoral calculator_number'

2021-03-31 01:12:22 - [TEST_STEP][PASSED] - click(findTestObject("Object Repository/Prospace_factorial (Home)/Page_Prospace factorial/button_Calclate")): Object: 'Object Repository/Prospace_factorial (Home)/Page_Prospace factorial/button_Calclate' is clicked on

2021-03-31 01:12:23 - [MESSAGE][PASSED] - Object: 'Object Repository/Prospace_factorial (Home)/Page_Prospace factorial/button_Calclate' is clicked on

2021-03-31 01:12:23 - [TEST_STEP][PASSED] - verifyElementText(findTestObject("Object Repository/Prospace_factorial (Home)/Page_Prospace factorial/p_The factorial of 5 is 120"), "The factorial of 5 is: 120"): Actual text and expected text of test object 'Object Repository/Prospace_factorial (Home)/Page_Prospace factorial/p_The factorial of 5 is 120' are matched.

2021-03-31 01:12:24 - [MESSAGE][PASSED] - Actual text and expected text of test object 'Object Repository/Prospace_factorial (Home)/Page_Prospace factorial/p_The factorial of 5 is 120' are matched.

2021-03-31 01:12:24 - [TEST_STEP][PASSED] - closeBrowser(): Browser is closed

2021-03-31 01:12:25 - [MESSAGE][PASSED] - Browser is closed]]></system-out>
         <system-err><![CDATA[]]></system-err>
      </testcase>
      <testcase name="Test Cases/Prospace Factorial/Calt_002" time="10.611" classname="Test Cases/Prospace Factorial/Calt_002" status="PASSED">
         <system-out><![CDATA[2021-03-31 01:12:25 - [TEST_CASE][PASSED] - Test Cases/Prospace Factorial/Calt_002: Test Cases/Prospace Factorial/Calt_002

2021-03-31 01:12:26 - [TEST_STEP][PASSED] - openBrowser(""): Browser is opened with url: ''

2021-03-31 01:12:26 - [MESSAGE][INFO] - Starting 'Chrome' driver

2021-03-31 01:12:26 - [MESSAGE][INFO] - Action delay is set to 0 milliseconds

2021-03-31 01:12:29 - [MESSAGE][PASSED] - Browser is opened with url: ''

2021-03-31 01:12:29 - [TEST_STEP][PASSED] - navigateToUrl("http://z29vzcbmaw5kaw5nigzvcib5b3u.prospace.io/"): Navigate to 'http://z29vzcbmaw5kaw5nigzvcib5b3u.prospace.io/' successfully

2021-03-31 01:12:31 - [MESSAGE][PASSED] - Navigate to 'http://z29vzcbmaw5kaw5nigzvcib5b3u.prospace.io/' successfully

2021-03-31 01:12:31 - [TEST_STEP][PASSED] - setText(findTestObject("Object Repository/Prospace_factorial (Home)/Page_Prospace factorial/input_Prospace factoral calculator_number"), "16"): Text '16' is set on object 'Object Repository/Prospace_factorial (Home)/Page_Prospace factorial/input_Prospace factoral calculator_number'

2021-03-31 01:12:33 - [MESSAGE][PASSED] - Text '16' is set on object 'Object Repository/Prospace_factorial (Home)/Page_Prospace factorial/input_Prospace factoral calculator_number'

2021-03-31 01:12:33 - [TEST_STEP][PASSED] - click(findTestObject("Object Repository/Prospace_factorial (Home)/Page_Prospace factorial/button_Calclate")): Object: 'Object Repository/Prospace_factorial (Home)/Page_Prospace factorial/button_Calclate' is clicked on

2021-03-31 01:12:34 - [MESSAGE][PASSED] - Object: 'Object Repository/Prospace_factorial (Home)/Page_Prospace factorial/button_Calclate' is clicked on

2021-03-31 01:12:34 - [TEST_STEP][PASSED] - verifyElementText(findTestObject("Object Repository/Prospace_factorial (Home)/Page_Prospace factorial/p_The factorial of 16 is 20922789888000"), "The factorial of 16 is: 20922789888000"): Actual text and expected text of test object 'Object Repository/Prospace_factorial (Home)/Page_Prospace factorial/p_The factorial of 16 is 20922789888000' are matched.

2021-03-31 01:12:34 - [MESSAGE][PASSED] - Actual text and expected text of test object 'Object Repository/Prospace_factorial (Home)/Page_Prospace factorial/p_The factorial of 16 is 20922789888000' are matched.

2021-03-31 01:12:34 - [TEST_STEP][PASSED] - closeBrowser(): Browser is closed

2021-03-31 01:12:36 - [MESSAGE][PASSED] - Browser is closed]]></system-out>
         <system-err><![CDATA[]]></system-err>
      </testcase>
      <testcase name="Test Cases/Prospace Factorial/Calt_003" time="11.973" classname="Test Cases/Prospace Factorial/Calt_003" status="PASSED">
         <system-out><![CDATA[2021-03-31 01:12:36 - [TEST_CASE][PASSED] - Test Cases/Prospace Factorial/Calt_003: Test Cases/Prospace Factorial/Calt_003

2021-03-31 01:12:37 - [TEST_STEP][PASSED] - openBrowser(""): Browser is opened with url: ''

2021-03-31 01:12:37 - [MESSAGE][INFO] - Starting 'Chrome' driver

2021-03-31 01:12:37 - [MESSAGE][INFO] - Action delay is set to 0 milliseconds

2021-03-31 01:12:39 - [MESSAGE][PASSED] - Browser is opened with url: ''

2021-03-31 01:12:39 - [TEST_STEP][PASSED] - navigateToUrl("http://z29vzcbmaw5kaw5nigzvcib5b3u.prospace.io/"): Navigate to 'http://z29vzcbmaw5kaw5nigzvcib5b3u.prospace.io/' successfully

2021-03-31 01:12:43 - [MESSAGE][PASSED] - Navigate to 'http://z29vzcbmaw5kaw5nigzvcib5b3u.prospace.io/' successfully

2021-03-31 01:12:43 - [TEST_STEP][PASSED] - setText(findTestObject("Object Repository/Prospace_factorial (Home)/Page_Prospace factorial/input_Prospace factoral calculator_number"), "100"): Text '100' is set on object 'Object Repository/Prospace_factorial (Home)/Page_Prospace factorial/input_Prospace factoral calculator_number'

2021-03-31 01:12:45 - [MESSAGE][PASSED] - Text '100' is set on object 'Object Repository/Prospace_factorial (Home)/Page_Prospace factorial/input_Prospace factoral calculator_number'

2021-03-31 01:12:45 - [TEST_STEP][PASSED] - click(findTestObject("Object Repository/Prospace_factorial (Home)/Page_Prospace factorial/button_Calclate")): Object: 'Object Repository/Prospace_factorial (Home)/Page_Prospace factorial/button_Calclate' is clicked on

2021-03-31 01:12:46 - [MESSAGE][PASSED] - Object: 'Object Repository/Prospace_factorial (Home)/Page_Prospace factorial/button_Calclate' is clicked on

2021-03-31 01:12:46 - [TEST_STEP][PASSED] - verifyElementText(findTestObject("Object Repository/Prospace_factorial (Home)/Page_Prospace factorial/p_The factorial of 100 is 9.33262154439441e157"), "The factorial of 100 is: 9.33262154439441e+157"): Actual text and expected text of test object 'Object Repository/Prospace_factorial (Home)/Page_Prospace factorial/p_The factorial of 100 is 9.33262154439441e157' are matched.

2021-03-31 01:12:46 - [MESSAGE][PASSED] - Actual text and expected text of test object 'Object Repository/Prospace_factorial (Home)/Page_Prospace factorial/p_The factorial of 100 is 9.33262154439441e157' are matched.

2021-03-31 01:12:46 - [TEST_STEP][PASSED] - closeBrowser(): Browser is closed

2021-03-31 01:12:48 - [MESSAGE][PASSED] - Browser is closed]]></system-out>
         <system-err><![CDATA[]]></system-err>
      </testcase>
      <testcase name="Test Cases/Prospace Factorial/Calt_004" time="12.245" classname="Test Cases/Prospace Factorial/Calt_004" status="FAILED">
         <failure type="FAILED" message="Test Cases/Prospace Factorial/Calt_004 FAILED.
Reason:
com.kms.katalon.core.exception.StepFailedException: Verify element text of test object 'Object Repository/Prospace_factorial (Home)/Page_Prospace factorial/p_The factorial of 1000 is 402387260---' FAILED.
	at com.kms.katalon.core.webui.keyword.internal.WebUIKeywordMain.stepFailed(WebUIKeywordMain.groovy:64)
	at com.kms.katalon.core.webui.keyword.internal.WebUIKeywordMain.runKeyword(WebUIKeywordMain.groovy:26)
	at com.kms.katalon.core.webui.keyword.builtin.VerifyElementTextKeyword.verifyElementText(VerifyElementTextKeyword.groovy:72)
	at com.kms.katalon.core.webui.keyword.builtin.VerifyElementTextKeyword.execute(VerifyElementTextKeyword.groovy:40)
	at com.kms.katalon.core.keyword.internal.KeywordExecutor.executeKeywordForPlatform(KeywordExecutor.groovy:73)
	at com.kms.katalon.core.webui.keyword.WebUiBuiltInKeywords.verifyElementText(WebUiBuiltInKeywords.groovy:4690)
	at com.kms.katalon.core.webui.keyword.WebUiBuiltInKeywords$verifyElementText$3.call(Unknown Source)
	at Calt_004.run(Calt_004:29)
	at com.kms.katalon.core.main.ScriptEngine.run(ScriptEngine.java:194)
	at com.kms.katalon.core.main.ScriptEngine.runScriptAsRawText(ScriptEngine.java:119)
	at com.kms.katalon.core.main.TestCaseExecutor.runScript(TestCaseExecutor.java:398)
	at com.kms.katalon.core.main.TestCaseExecutor.doExecute(TestCaseExecutor.java:389)
	at com.kms.katalon.core.main.TestCaseExecutor.processExecutionPhase(TestCaseExecutor.java:368)
	at com.kms.katalon.core.main.TestCaseExecutor.accessMainPhase(TestCaseExecutor.java:360)
	at com.kms.katalon.core.main.TestCaseExecutor.execute(TestCaseExecutor.java:255)
	at com.kms.katalon.core.main.TestSuiteExecutor.accessTestCaseMainPhase(TestSuiteExecutor.java:203)
	at com.kms.katalon.core.main.TestSuiteExecutor.accessTestSuiteMainPhase(TestSuiteExecutor.java:152)
	at com.kms.katalon.core.main.TestSuiteExecutor.execute(TestSuiteExecutor.java:95)
	at com.kms.katalon.core.main.TestCaseMain.startTestSuite(TestCaseMain.java:157)
	at com.kms.katalon.core.main.TestCaseMain$startTestSuite$0.call(Unknown Source)
	at TempTestSuite1617127900870.run(TempTestSuite1617127900870.groovy:39)
Caused by: com.kms.katalon.core.exception.StepFailedException: Actual text 'The factorial of 1000 is: null' and expected text 'The factorial of 1000 is: 402387260077093773543702433923003985719374864210714632543799910429938512398629020592044208486969404800479988610197196058631666872994808558901323829669944590997424504087073759918823627727188732519779505950995276120874975462497043601418278094646496291056393887437886487337119181045825783647849977012476632889835955735432513185323958463075557409114262417474349347553428646576611667797396668820291207379143853719588249808126867838374559731746136085379534524221586593201928090878297308431392844403281231558611036976801357304216168747609675871348312025478589320767169132448426236131412508780208000261683151027341827977704784635868170164365024153691398281264810213092761244896359928705114964975419909342221566832572080821333186116811553615836546984046708975602900950537616475847728421889679646244945160765353408198901385442487984959953319101723355556602139450399736280750137837615307127761926849034352625200015888535147331611702103968175921510907788019393178114194545257223865541461062892187960223838971476088506276862967146674697562911234082439208160153780889893964518263243671616762179168909779911903754031274622289988005195444414282012187361745992642956581746628302955570299024324153181617210465832036786906117260158783520751516284225540265170483304226143974286933061690897968482590125458327168226458066526769958652682272807075781391858178889652208164348344825993266043367660176999612831860788386150279465955131156552036093988180612138558600301435694527224206344631797460594682573103790084024432438465657245014402821885252470935190620929023136493273497565513958720559654228749774011413346962715422845862377387538230483865688976461927383814900140767310446640259899490222221765904339901886018566526485061799702356193897017860040811889729918311021171229845901641921068884387121855646124960798722908519296819372388642614839657382291123125024186649353143970137428531926649875337218940694281434118520158014123344828015051399694290153483077644569099073152433278288269864602789864321139083506217095002597389863554277196742822248757586765752344220207573630569498825087968928162753848863396909959826280956121450994871701244516461260379029309120889086942028510640182154399457156805941872748998094254742173582401063677404595741785160829230135358081840096996372524230560855903700624271243416909004153690105933983835777939410970027753472000000000000000000000000000000000000000000000000000000000000000000000000000000000000000000000000000000000000000000000000000000000000000000000000000000000000000000000000000000000000000000000000000000000000000000000000000000000000000000000000000000000' of test object 'Object Repository/Prospace_factorial (Home)/Page_Prospace factorial/p_The factorial of 1000 is 402387260---' are NOT matched.
	at com.kms.katalon.core.webui.keyword.internal.WebUIKeywordMain.stepFailed(WebUIKeywordMain.groovy:64)
	at com.kms.katalon.core.webui.keyword.builtin.VerifyElementTextKeyword$_verifyElementText_closure1.doCall(VerifyElementTextKeyword.groovy:57)
	at com.kms.katalon.core.webui.keyword.builtin.VerifyElementTextKeyword$_verifyElementText_closure1.call(VerifyElementTextKeyword.groovy)
	at com.kms.katalon.core.webui.keyword.internal.WebUIKeywordMain.runKeyword(WebUIKeywordMain.groovy:20)
	... 19 more
"/>
         <system-out><![CDATA[2021-03-31 01:12:48 - [TEST_CASE][FAILED] - Test Cases/Prospace Factorial/Calt_004: Test Cases/Prospace Factorial/Calt_004 FAILED.
Reason:
com.kms.katalon.core.exception.StepFailedException: Verify element text of test object 'Object Repository/Prospace_factorial (Home)/Page_Prospace factorial/p_The factorial of 1000 is 402387260---' FAILED.
	at com.kms.katalon.core.webui.keyword.internal.WebUIKeywordMain.stepFailed(WebUIKeywordMain.groovy:64)
	at com.kms.katalon.core.webui.keyword.internal.WebUIKeywordMain.runKeyword(WebUIKeywordMain.groovy:26)
	at com.kms.katalon.core.webui.keyword.builtin.VerifyElementTextKeyword.verifyElementText(VerifyElementTextKeyword.groovy:72)
	at com.kms.katalon.core.webui.keyword.builtin.VerifyElementTextKeyword.execute(VerifyElementTextKeyword.groovy:40)
	at com.kms.katalon.core.keyword.internal.KeywordExecutor.executeKeywordForPlatform(KeywordExecutor.groovy:73)
	at com.kms.katalon.core.webui.keyword.WebUiBuiltInKeywords.verifyElementText(WebUiBuiltInKeywords.groovy:4690)
	at com.kms.katalon.core.webui.keyword.WebUiBuiltInKeywords$verifyElementText$3.call(Unknown Source)
	at Calt_004.run(Calt_004:29)
	at com.kms.katalon.core.main.ScriptEngine.run(ScriptEngine.java:194)
	at com.kms.katalon.core.main.ScriptEngine.runScriptAsRawText(ScriptEngine.java:119)
	at com.kms.katalon.core.main.TestCaseExecutor.runScript(TestCaseExecutor.java:398)
	at com.kms.katalon.core.main.TestCaseExecutor.doExecute(TestCaseExecutor.java:389)
	at com.kms.katalon.core.main.TestCaseExecutor.processExecutionPhase(TestCaseExecutor.java:368)
	at com.kms.katalon.core.main.TestCaseExecutor.accessMainPhase(TestCaseExecutor.java:360)
	at com.kms.katalon.core.main.TestCaseExecutor.execute(TestCaseExecutor.java:255)
	at com.kms.katalon.core.main.TestSuiteExecutor.accessTestCaseMainPhase(TestSuiteExecutor.java:203)
	at com.kms.katalon.core.main.TestSuiteExecutor.accessTestSuiteMainPhase(TestSuiteExecutor.java:152)
	at com.kms.katalon.core.main.TestSuiteExecutor.execute(TestSuiteExecutor.java:95)
	at com.kms.katalon.core.main.TestCaseMain.startTestSuite(TestCaseMain.java:157)
	at com.kms.katalon.core.main.TestCaseMain$startTestSuite$0.call(Unknown Source)
	at TempTestSuite1617127900870.run(TempTestSuite1617127900870.groovy:39)
Caused by: com.kms.katalon.core.exception.StepFailedException: Actual text 'The factorial of 1000 is: null' and expected text 'The factorial of 1000 is: 402387260077093773543702433923003985719374864210714632543799910429938512398629020592044208486969404800479988610197196058631666872994808558901323829669944590997424504087073759918823627727188732519779505950995276120874975462497043601418278094646496291056393887437886487337119181045825783647849977012476632889835955735432513185323958463075557409114262417474349347553428646576611667797396668820291207379143853719588249808126867838374559731746136085379534524221586593201928090878297308431392844403281231558611036976801357304216168747609675871348312025478589320767169132448426236131412508780208000261683151027341827977704784635868170164365024153691398281264810213092761244896359928705114964975419909342221566832572080821333186116811553615836546984046708975602900950537616475847728421889679646244945160765353408198901385442487984959953319101723355556602139450399736280750137837615307127761926849034352625200015888535147331611702103968175921510907788019393178114194545257223865541461062892187960223838971476088506276862967146674697562911234082439208160153780889893964518263243671616762179168909779911903754031274622289988005195444414282012187361745992642956581746628302955570299024324153181617210465832036786906117260158783520751516284225540265170483304226143974286933061690897968482590125458327168226458066526769958652682272807075781391858178889652208164348344825993266043367660176999612831860788386150279465955131156552036093988180612138558600301435694527224206344631797460594682573103790084024432438465657245014402821885252470935190620929023136493273497565513958720559654228749774011413346962715422845862377387538230483865688976461927383814900140767310446640259899490222221765904339901886018566526485061799702356193897017860040811889729918311021171229845901641921068884387121855646124960798722908519296819372388642614839657382291123125024186649353143970137428531926649875337218940694281434118520158014123344828015051399694290153483077644569099073152433278288269864602789864321139083506217095002597389863554277196742822248757586765752344220207573630569498825087968928162753848863396909959826280956121450994871701244516461260379029309120889086942028510640182154399457156805941872748998094254742173582401063677404595741785160829230135358081840096996372524230560855903700624271243416909004153690105933983835777939410970027753472000000000000000000000000000000000000000000000000000000000000000000000000000000000000000000000000000000000000000000000000000000000000000000000000000000000000000000000000000000000000000000000000000000000000000000000000000000000000000000000000000000000' of test object 'Object Repository/Prospace_factorial (Home)/Page_Prospace factorial/p_The factorial of 1000 is 402387260---' are NOT matched.
	at com.kms.katalon.core.webui.keyword.internal.WebUIKeywordMain.stepFailed(WebUIKeywordMain.groovy:64)
	at com.kms.katalon.core.webui.keyword.builtin.VerifyElementTextKeyword$_verifyElementText_closure1.doCall(VerifyElementTextKeyword.groovy:57)
	at com.kms.katalon.core.webui.keyword.builtin.VerifyElementTextKeyword$_verifyElementText_closure1.call(VerifyElementTextKeyword.groovy)
	at com.kms.katalon.core.webui.keyword.internal.WebUIKeywordMain.runKeyword(WebUIKeywordMain.groovy:20)
	... 19 more


2021-03-31 01:12:49 - [TEST_STEP][PASSED] - openBrowser(""): Browser is opened with url: ''

2021-03-31 01:12:49 - [MESSAGE][INFO] - Starting 'Chrome' driver

2021-03-31 01:12:49 - [MESSAGE][INFO] - Action delay is set to 0 milliseconds

2021-03-31 01:12:52 - [MESSAGE][PASSED] - Browser is opened with url: ''

2021-03-31 01:12:52 - [TEST_STEP][PASSED] - navigateToUrl("http://z29vzcbmaw5kaw5nigzvcib5b3u.prospace.io/"): Navigate to 'http://z29vzcbmaw5kaw5nigzvcib5b3u.prospace.io/' successfully

2021-03-31 01:12:56 - [MESSAGE][PASSED] - Navigate to 'http://z29vzcbmaw5kaw5nigzvcib5b3u.prospace.io/' successfully

2021-03-31 01:12:56 - [TEST_STEP][PASSED] - setText(findTestObject("Object Repository/Prospace_factorial (Home)/Page_Prospace factorial/input_Prospace factoral calculator_number"), "1000"): Text '1000' is set on object 'Object Repository/Prospace_factorial (Home)/Page_Prospace factorial/input_Prospace factoral calculator_number'

2021-03-31 01:12:57 - [MESSAGE][PASSED] - Text '1000' is set on object 'Object Repository/Prospace_factorial (Home)/Page_Prospace factorial/input_Prospace factoral calculator_number'

2021-03-31 01:12:57 - [TEST_STEP][PASSED] - click(findTestObject("Object Repository/Prospace_factorial (Home)/Page_Prospace factorial/button_Calclate")): Object: 'Object Repository/Prospace_factorial (Home)/Page_Prospace factorial/button_Calclate' is clicked on

2021-03-31 01:12:58 - [MESSAGE][PASSED] - Object: 'Object Repository/Prospace_factorial (Home)/Page_Prospace factorial/button_Calclate' is clicked on

2021-03-31 01:12:58 - [TEST_STEP][FAILED] - verifyElementText(findTestObject("Prospace_factorial (Home)/Page_Prospace factorial/p_The factorial of 1000 is 402387260---"), "The factorial of 1000 is: 402387260077093773543702433923003985719374864210714632543799910429938512398629020592044208486969404800479988610197196058631666872994808558901323829669944590997424504087073759918823627727188732519779505950995276120874975462497043601418278094646496291056393887437886487337119181045825783647849977012476632889835955735432513185323958463075557409114262417474349347553428646576611667797396668820291207379143853719588249808126867838374559731746136085379534524221586593201928090878297308431392844403281231558611036976801357304216168747609675871348312025478589320767169132448426236131412508780208000261683151027341827977704784635868170164365024153691398281264810213092761244896359928705114964975419909342221566832572080821333186116811553615836546984046708975602900950537616475847728421889679646244945160765353408198901385442487984959953319101723355556602139450399736280750137837615307127761926849034352625200015888535147331611702103968175921510907788019393178114194545257223865541461062892187960223838971476088506276862967146674697562911234082439208160153780889893964518263243671616762179168909779911903754031274622289988005195444414282012187361745992642956581746628302955570299024324153181617210465832036786906117260158783520751516284225540265170483304226143974286933061690897968482590125458327168226458066526769958652682272807075781391858178889652208164348344825993266043367660176999612831860788386150279465955131156552036093988180612138558600301435694527224206344631797460594682573103790084024432438465657245014402821885252470935190620929023136493273497565513958720559654228749774011413346962715422845862377387538230483865688976461927383814900140767310446640259899490222221765904339901886018566526485061799702356193897017860040811889729918311021171229845901641921068884387121855646124960798722908519296819372388642614839657382291123125024186649353143970137428531926649875337218940694281434118520158014123344828015051399694290153483077644569099073152433278288269864602789864321139083506217095002597389863554277196742822248757586765752344220207573630569498825087968928162753848863396909959826280956121450994871701244516461260379029309120889086942028510640182154399457156805941872748998094254742173582401063677404595741785160829230135358081840096996372524230560855903700624271243416909004153690105933983835777939410970027753472000000000000000000000000000000000000000000000000000000000000000000000000000000000000000000000000000000000000000000000000000000000000000000000000000000000000000000000000000000000000000000000000000000000000000000000000000000000000000000000000000000000"): Verify element text of test object 'Object Repository/Prospace_factorial (Home)/Page_Prospace factorial/p_The factorial of 1000 is 402387260---' FAILED. (Root cause: com.kms.katalon.core.exception.StepFailedException: Verify element text of test object 'Object Repository/Prospace_factorial (Home)/Page_Prospace factorial/p_The factorial of 1000 is 402387260---' FAILED.
	at com.kms.katalon.core.webui.keyword.internal.WebUIKeywordMain.stepFailed(WebUIKeywordMain.groovy:64)
	at com.kms.katalon.core.webui.keyword.internal.WebUIKeywordMain.runKeyword(WebUIKeywordMain.groovy:26)
	at com.kms.katalon.core.webui.keyword.builtin.VerifyElementTextKeyword.verifyElementText(VerifyElementTextKeyword.groovy:72)
	at com.kms.katalon.core.webui.keyword.builtin.VerifyElementTextKeyword.execute(VerifyElementTextKeyword.groovy:40)
	at com.kms.katalon.core.keyword.internal.KeywordExecutor.executeKeywordForPlatform(KeywordExecutor.groovy:73)
	at com.kms.katalon.core.webui.keyword.WebUiBuiltInKeywords.verifyElementText(WebUiBuiltInKeywords.groovy:4690)
	at com.kms.katalon.core.webui.keyword.WebUiBuiltInKeywords$verifyElementText$3.call(Unknown Source)
	at Calt_004.run(Calt_004:29)
	at com.kms.katalon.core.main.ScriptEngine.run(ScriptEngine.java:194)
	at com.kms.katalon.core.main.ScriptEngine.runScriptAsRawText(ScriptEngine.java:119)
	at com.kms.katalon.core.main.TestCaseExecutor.runScript(TestCaseExecutor.java:398)
	at com.kms.katalon.core.main.TestCaseExecutor.doExecute(TestCaseExecutor.java:389)
	at com.kms.katalon.core.main.TestCaseExecutor.processExecutionPhase(TestCaseExecutor.java:368)
	at com.kms.katalon.core.main.TestCaseExecutor.accessMainPhase(TestCaseExecutor.java:360)
	at com.kms.katalon.core.main.TestCaseExecutor.execute(TestCaseExecutor.java:255)
	at com.kms.katalon.core.main.TestSuiteExecutor.accessTestCaseMainPhase(TestSuiteExecutor.java:203)
	at com.kms.katalon.core.main.TestSuiteExecutor.accessTestSuiteMainPhase(TestSuiteExecutor.java:152)
	at com.kms.katalon.core.main.TestSuiteExecutor.execute(TestSuiteExecutor.java:95)
	at com.kms.katalon.core.main.TestCaseMain.startTestSuite(TestCaseMain.java:157)
	at com.kms.katalon.core.main.TestCaseMain$startTestSuite$0.call(Unknown Source)
	at TempTestSuite1617127900870.run(TempTestSuite1617127900870.groovy:39)
Caused by: com.kms.katalon.core.exception.StepFailedException: Actual text 'The factorial of 1000 is: null' and expected text 'The factorial of 1000 is: 402387260077093773543702433923003985719374864210714632543799910429938512398629020592044208486969404800479988610197196058631666872994808558901323829669944590997424504087073759918823627727188732519779505950995276120874975462497043601418278094646496291056393887437886487337119181045825783647849977012476632889835955735432513185323958463075557409114262417474349347553428646576611667797396668820291207379143853719588249808126867838374559731746136085379534524221586593201928090878297308431392844403281231558611036976801357304216168747609675871348312025478589320767169132448426236131412508780208000261683151027341827977704784635868170164365024153691398281264810213092761244896359928705114964975419909342221566832572080821333186116811553615836546984046708975602900950537616475847728421889679646244945160765353408198901385442487984959953319101723355556602139450399736280750137837615307127761926849034352625200015888535147331611702103968175921510907788019393178114194545257223865541461062892187960223838971476088506276862967146674697562911234082439208160153780889893964518263243671616762179168909779911903754031274622289988005195444414282012187361745992642956581746628302955570299024324153181617210465832036786906117260158783520751516284225540265170483304226143974286933061690897968482590125458327168226458066526769958652682272807075781391858178889652208164348344825993266043367660176999612831860788386150279465955131156552036093988180612138558600301435694527224206344631797460594682573103790084024432438465657245014402821885252470935190620929023136493273497565513958720559654228749774011413346962715422845862377387538230483865688976461927383814900140767310446640259899490222221765904339901886018566526485061799702356193897017860040811889729918311021171229845901641921068884387121855646124960798722908519296819372388642614839657382291123125024186649353143970137428531926649875337218940694281434118520158014123344828015051399694290153483077644569099073152433278288269864602789864321139083506217095002597389863554277196742822248757586765752344220207573630569498825087968928162753848863396909959826280956121450994871701244516461260379029309120889086942028510640182154399457156805941872748998094254742173582401063677404595741785160829230135358081840096996372524230560855903700624271243416909004153690105933983835777939410970027753472000000000000000000000000000000000000000000000000000000000000000000000000000000000000000000000000000000000000000000000000000000000000000000000000000000000000000000000000000000000000000000000000000000000000000000000000000000000000000000000000000000000' of test object 'Object Repository/Prospace_factorial (Home)/Page_Prospace factorial/p_The factorial of 1000 is 402387260---' are NOT matched.
	at com.kms.katalon.core.webui.keyword.internal.WebUIKeywordMain.stepFailed(WebUIKeywordMain.groovy:64)
	at com.kms.katalon.core.webui.keyword.builtin.VerifyElementTextKeyword$_verifyElementText_closure1.doCall(VerifyElementTextKeyword.groovy:57)
	at com.kms.katalon.core.webui.keyword.builtin.VerifyElementTextKeyword$_verifyElementText_closure1.call(VerifyElementTextKeyword.groovy)
	at com.kms.katalon.core.webui.keyword.internal.WebUIKeywordMain.runKeyword(WebUIKeywordMain.groovy:20)
	... 19 more
)

2021-03-31 01:13:00 - [MESSAGE][FAILED] - Actual text 'The factorial of 1000 is: null' and expected text 'The factorial of 1000 is: 402387260077093773543702433923003985719374864210714632543799910429938512398629020592044208486969404800479988610197196058631666872994808558901323829669944590997424504087073759918823627727188732519779505950995276120874975462497043601418278094646496291056393887437886487337119181045825783647849977012476632889835955735432513185323958463075557409114262417474349347553428646576611667797396668820291207379143853719588249808126867838374559731746136085379534524221586593201928090878297308431392844403281231558611036976801357304216168747609675871348312025478589320767169132448426236131412508780208000261683151027341827977704784635868170164365024153691398281264810213092761244896359928705114964975419909342221566832572080821333186116811553615836546984046708975602900950537616475847728421889679646244945160765353408198901385442487984959953319101723355556602139450399736280750137837615307127761926849034352625200015888535147331611702103968175921510907788019393178114194545257223865541461062892187960223838971476088506276862967146674697562911234082439208160153780889893964518263243671616762179168909779911903754031274622289988005195444414282012187361745992642956581746628302955570299024324153181617210465832036786906117260158783520751516284225540265170483304226143974286933061690897968482590125458327168226458066526769958652682272807075781391858178889652208164348344825993266043367660176999612831860788386150279465955131156552036093988180612138558600301435694527224206344631797460594682573103790084024432438465657245014402821885252470935190620929023136493273497565513958720559654228749774011413346962715422845862377387538230483865688976461927383814900140767310446640259899490222221765904339901886018566526485061799702356193897017860040811889729918311021171229845901641921068884387121855646124960798722908519296819372388642614839657382291123125024186649353143970137428531926649875337218940694281434118520158014123344828015051399694290153483077644569099073152433278288269864602789864321139083506217095002597389863554277196742822248757586765752344220207573630569498825087968928162753848863396909959826280956121450994871701244516461260379029309120889086942028510640182154399457156805941872748998094254742173582401063677404595741785160829230135358081840096996372524230560855903700624271243416909004153690105933983835777939410970027753472000000000000000000000000000000000000000000000000000000000000000000000000000000000000000000000000000000000000000000000000000000000000000000000000000000000000000000000000000000000000000000000000000000000000000000000000000000000000000000000000000000000' of test object 'Object Repository/Prospace_factorial (Home)/Page_Prospace factorial/p_The factorial of 1000 is 402387260---' are NOT matched. (Root cause: com.kms.katalon.core.exception.StepFailedException: Actual text 'The factorial of 1000 is: null' and expected text 'The factorial of 1000 is: 402387260077093773543702433923003985719374864210714632543799910429938512398629020592044208486969404800479988610197196058631666872994808558901323829669944590997424504087073759918823627727188732519779505950995276120874975462497043601418278094646496291056393887437886487337119181045825783647849977012476632889835955735432513185323958463075557409114262417474349347553428646576611667797396668820291207379143853719588249808126867838374559731746136085379534524221586593201928090878297308431392844403281231558611036976801357304216168747609675871348312025478589320767169132448426236131412508780208000261683151027341827977704784635868170164365024153691398281264810213092761244896359928705114964975419909342221566832572080821333186116811553615836546984046708975602900950537616475847728421889679646244945160765353408198901385442487984959953319101723355556602139450399736280750137837615307127761926849034352625200015888535147331611702103968175921510907788019393178114194545257223865541461062892187960223838971476088506276862967146674697562911234082439208160153780889893964518263243671616762179168909779911903754031274622289988005195444414282012187361745992642956581746628302955570299024324153181617210465832036786906117260158783520751516284225540265170483304226143974286933061690897968482590125458327168226458066526769958652682272807075781391858178889652208164348344825993266043367660176999612831860788386150279465955131156552036093988180612138558600301435694527224206344631797460594682573103790084024432438465657245014402821885252470935190620929023136493273497565513958720559654228749774011413346962715422845862377387538230483865688976461927383814900140767310446640259899490222221765904339901886018566526485061799702356193897017860040811889729918311021171229845901641921068884387121855646124960798722908519296819372388642614839657382291123125024186649353143970137428531926649875337218940694281434118520158014123344828015051399694290153483077644569099073152433278288269864602789864321139083506217095002597389863554277196742822248757586765752344220207573630569498825087968928162753848863396909959826280956121450994871701244516461260379029309120889086942028510640182154399457156805941872748998094254742173582401063677404595741785160829230135358081840096996372524230560855903700624271243416909004153690105933983835777939410970027753472000000000000000000000000000000000000000000000000000000000000000000000000000000000000000000000000000000000000000000000000000000000000000000000000000000000000000000000000000000000000000000000000000000000000000000000000000000000000000000000000000000000' of test object 'Object Repository/Prospace_factorial (Home)/Page_Prospace factorial/p_The factorial of 1000 is 402387260---' are NOT matched.
	at com.kms.katalon.core.webui.keyword.internal.WebUIKeywordMain.stepFailed(WebUIKeywordMain.groovy:64)
	at com.kms.katalon.core.webui.keyword.builtin.VerifyElementTextKeyword$_verifyElementText_closure1.doCall(VerifyElementTextKeyword.groovy:57)
	at com.kms.katalon.core.webui.keyword.builtin.VerifyElementTextKeyword$_verifyElementText_closure1.call(VerifyElementTextKeyword.groovy)
	at com.kms.katalon.core.webui.keyword.internal.WebUIKeywordMain.runKeyword(WebUIKeywordMain.groovy:20)
	at com.kms.katalon.core.webui.keyword.builtin.VerifyElementTextKeyword.verifyElementText(VerifyElementTextKeyword.groovy:72)
	at com.kms.katalon.core.webui.keyword.builtin.VerifyElementTextKeyword.execute(VerifyElementTextKeyword.groovy:40)
	at com.kms.katalon.core.keyword.internal.KeywordExecutor.executeKeywordForPlatform(KeywordExecutor.groovy:73)
	at com.kms.katalon.core.webui.keyword.WebUiBuiltInKeywords.verifyElementText(WebUiBuiltInKeywords.groovy:4690)
	at com.kms.katalon.core.webui.keyword.WebUiBuiltInKeywords$verifyElementText$3.call(Unknown Source)
	at Calt_004.run(Calt_004:29)
	at com.kms.katalon.core.main.ScriptEngine.run(ScriptEngine.java:194)
	at com.kms.katalon.core.main.ScriptEngine.runScriptAsRawText(ScriptEngine.java:119)
	at com.kms.katalon.core.main.TestCaseExecutor.runScript(TestCaseExecutor.java:398)
	at com.kms.katalon.core.main.TestCaseExecutor.doExecute(TestCaseExecutor.java:389)
	at com.kms.katalon.core.main.TestCaseExecutor.processExecutionPhase(TestCaseExecutor.java:368)
	at com.kms.katalon.core.main.TestCaseExecutor.accessMainPhase(TestCaseExecutor.java:360)
	at com.kms.katalon.core.main.TestCaseExecutor.execute(TestCaseExecutor.java:255)
	at com.kms.katalon.core.main.TestSuiteExecutor.accessTestCaseMainPhase(TestSuiteExecutor.java:203)
	at com.kms.katalon.core.main.TestSuiteExecutor.accessTestSuiteMainPhase(TestSuiteExecutor.java:152)
	at com.kms.katalon.core.main.TestSuiteExecutor.execute(TestSuiteExecutor.java:95)
	at com.kms.katalon.core.main.TestCaseMain.startTestSuite(TestCaseMain.java:157)
	at com.kms.katalon.core.main.TestCaseMain$startTestSuite$0.call(Unknown Source)
	at TempTestSuite1617127900870.run(TempTestSuite1617127900870.groovy:39)
)
[[ATTACHMENT|C:\\Users\\Kanon\\git\\Prospace-Factorial\\Reports\\20210331_011140\\Prospace Factorial\\Calt_Suite\\20210331_011140\\1617127979454.png]]

2021-03-31 01:13:00 - [MESSAGE][FAILED] - Verify element text of test object 'Object Repository/Prospace_factorial (Home)/Page_Prospace factorial/p_The factorial of 1000 is 402387260---' FAILED. (Root cause: com.kms.katalon.core.exception.StepFailedException: Verify element text of test object 'Object Repository/Prospace_factorial (Home)/Page_Prospace factorial/p_The factorial of 1000 is 402387260---' FAILED.
	at com.kms.katalon.core.webui.keyword.internal.WebUIKeywordMain.stepFailed(WebUIKeywordMain.groovy:64)
	at com.kms.katalon.core.webui.keyword.internal.WebUIKeywordMain.runKeyword(WebUIKeywordMain.groovy:26)
	at com.kms.katalon.core.webui.keyword.builtin.VerifyElementTextKeyword.verifyElementText(VerifyElementTextKeyword.groovy:72)
	at com.kms.katalon.core.webui.keyword.builtin.VerifyElementTextKeyword.execute(VerifyElementTextKeyword.groovy:40)
	at com.kms.katalon.core.keyword.internal.KeywordExecutor.executeKeywordForPlatform(KeywordExecutor.groovy:73)
	at com.kms.katalon.core.webui.keyword.WebUiBuiltInKeywords.verifyElementText(WebUiBuiltInKeywords.groovy:4690)
	at com.kms.katalon.core.webui.keyword.WebUiBuiltInKeywords$verifyElementText$3.call(Unknown Source)
	at Calt_004.run(Calt_004:29)
	at com.kms.katalon.core.main.ScriptEngine.run(ScriptEngine.java:194)
	at com.kms.katalon.core.main.ScriptEngine.runScriptAsRawText(ScriptEngine.java:119)
	at com.kms.katalon.core.main.TestCaseExecutor.runScript(TestCaseExecutor.java:398)
	at com.kms.katalon.core.main.TestCaseExecutor.doExecute(TestCaseExecutor.java:389)
	at com.kms.katalon.core.main.TestCaseExecutor.processExecutionPhase(TestCaseExecutor.java:368)
	at com.kms.katalon.core.main.TestCaseExecutor.accessMainPhase(TestCaseExecutor.java:360)
	at com.kms.katalon.core.main.TestCaseExecutor.execute(TestCaseExecutor.java:255)
	at com.kms.katalon.core.main.TestSuiteExecutor.accessTestCaseMainPhase(TestSuiteExecutor.java:203)
	at com.kms.katalon.core.main.TestSuiteExecutor.accessTestSuiteMainPhase(TestSuiteExecutor.java:152)
	at com.kms.katalon.core.main.TestSuiteExecutor.execute(TestSuiteExecutor.java:95)
	at com.kms.katalon.core.main.TestCaseMain.startTestSuite(TestCaseMain.java:157)
	at com.kms.katalon.core.main.TestCaseMain$startTestSuite$0.call(Unknown Source)
	at TempTestSuite1617127900870.run(TempTestSuite1617127900870.groovy:39)
Caused by: com.kms.katalon.core.exception.StepFailedException: Actual text 'The factorial of 1000 is: null' and expected text 'The factorial of 1000 is: 402387260077093773543702433923003985719374864210714632543799910429938512398629020592044208486969404800479988610197196058631666872994808558901323829669944590997424504087073759918823627727188732519779505950995276120874975462497043601418278094646496291056393887437886487337119181045825783647849977012476632889835955735432513185323958463075557409114262417474349347553428646576611667797396668820291207379143853719588249808126867838374559731746136085379534524221586593201928090878297308431392844403281231558611036976801357304216168747609675871348312025478589320767169132448426236131412508780208000261683151027341827977704784635868170164365024153691398281264810213092761244896359928705114964975419909342221566832572080821333186116811553615836546984046708975602900950537616475847728421889679646244945160765353408198901385442487984959953319101723355556602139450399736280750137837615307127761926849034352625200015888535147331611702103968175921510907788019393178114194545257223865541461062892187960223838971476088506276862967146674697562911234082439208160153780889893964518263243671616762179168909779911903754031274622289988005195444414282012187361745992642956581746628302955570299024324153181617210465832036786906117260158783520751516284225540265170483304226143974286933061690897968482590125458327168226458066526769958652682272807075781391858178889652208164348344825993266043367660176999612831860788386150279465955131156552036093988180612138558600301435694527224206344631797460594682573103790084024432438465657245014402821885252470935190620929023136493273497565513958720559654228749774011413346962715422845862377387538230483865688976461927383814900140767310446640259899490222221765904339901886018566526485061799702356193897017860040811889729918311021171229845901641921068884387121855646124960798722908519296819372388642614839657382291123125024186649353143970137428531926649875337218940694281434118520158014123344828015051399694290153483077644569099073152433278288269864602789864321139083506217095002597389863554277196742822248757586765752344220207573630569498825087968928162753848863396909959826280956121450994871701244516461260379029309120889086942028510640182154399457156805941872748998094254742173582401063677404595741785160829230135358081840096996372524230560855903700624271243416909004153690105933983835777939410970027753472000000000000000000000000000000000000000000000000000000000000000000000000000000000000000000000000000000000000000000000000000000000000000000000000000000000000000000000000000000000000000000000000000000000000000000000000000000000000000000000000000000000' of test object 'Object Repository/Prospace_factorial (Home)/Page_Prospace factorial/p_The factorial of 1000 is 402387260---' are NOT matched.
	at com.kms.katalon.core.webui.keyword.internal.WebUIKeywordMain.stepFailed(WebUIKeywordMain.groovy:64)
	at com.kms.katalon.core.webui.keyword.builtin.VerifyElementTextKeyword$_verifyElementText_closure1.doCall(VerifyElementTextKeyword.groovy:57)
	at com.kms.katalon.core.webui.keyword.builtin.VerifyElementTextKeyword$_verifyElementText_closure1.call(VerifyElementTextKeyword.groovy)
	at com.kms.katalon.core.webui.keyword.internal.WebUIKeywordMain.runKeyword(WebUIKeywordMain.groovy:20)
	... 19 more
)
[[ATTACHMENT|C:\\Users\\Kanon\\git\\Prospace-Factorial\\Reports\\20210331_011140\\Prospace Factorial\\Calt_Suite\\20210331_011140\\1617127980104.png]]]]></system-out>
         <system-err><![CDATA[2021-03-31 01:12:48 - [TEST_CASE][FAILED] - Test Cases/Prospace Factorial/Calt_004: Test Cases/Prospace Factorial/Calt_004 FAILED.
Reason:
com.kms.katalon.core.exception.StepFailedException: Verify element text of test object 'Object Repository/Prospace_factorial (Home)/Page_Prospace factorial/p_The factorial of 1000 is 402387260---' FAILED.
	at com.kms.katalon.core.webui.keyword.internal.WebUIKeywordMain.stepFailed(WebUIKeywordMain.groovy:64)
	at com.kms.katalon.core.webui.keyword.internal.WebUIKeywordMain.runKeyword(WebUIKeywordMain.groovy:26)
	at com.kms.katalon.core.webui.keyword.builtin.VerifyElementTextKeyword.verifyElementText(VerifyElementTextKeyword.groovy:72)
	at com.kms.katalon.core.webui.keyword.builtin.VerifyElementTextKeyword.execute(VerifyElementTextKeyword.groovy:40)
	at com.kms.katalon.core.keyword.internal.KeywordExecutor.executeKeywordForPlatform(KeywordExecutor.groovy:73)
	at com.kms.katalon.core.webui.keyword.WebUiBuiltInKeywords.verifyElementText(WebUiBuiltInKeywords.groovy:4690)
	at com.kms.katalon.core.webui.keyword.WebUiBuiltInKeywords$verifyElementText$3.call(Unknown Source)
	at Calt_004.run(Calt_004:29)
	at com.kms.katalon.core.main.ScriptEngine.run(ScriptEngine.java:194)
	at com.kms.katalon.core.main.ScriptEngine.runScriptAsRawText(ScriptEngine.java:119)
	at com.kms.katalon.core.main.TestCaseExecutor.runScript(TestCaseExecutor.java:398)
	at com.kms.katalon.core.main.TestCaseExecutor.doExecute(TestCaseExecutor.java:389)
	at com.kms.katalon.core.main.TestCaseExecutor.processExecutionPhase(TestCaseExecutor.java:368)
	at com.kms.katalon.core.main.TestCaseExecutor.accessMainPhase(TestCaseExecutor.java:360)
	at com.kms.katalon.core.main.TestCaseExecutor.execute(TestCaseExecutor.java:255)
	at com.kms.katalon.core.main.TestSuiteExecutor.accessTestCaseMainPhase(TestSuiteExecutor.java:203)
	at com.kms.katalon.core.main.TestSuiteExecutor.accessTestSuiteMainPhase(TestSuiteExecutor.java:152)
	at com.kms.katalon.core.main.TestSuiteExecutor.execute(TestSuiteExecutor.java:95)
	at com.kms.katalon.core.main.TestCaseMain.startTestSuite(TestCaseMain.java:157)
	at com.kms.katalon.core.main.TestCaseMain$startTestSuite$0.call(Unknown Source)
	at TempTestSuite1617127900870.run(TempTestSuite1617127900870.groovy:39)
Caused by: com.kms.katalon.core.exception.StepFailedException: Actual text 'The factorial of 1000 is: null' and expected text 'The factorial of 1000 is: 402387260077093773543702433923003985719374864210714632543799910429938512398629020592044208486969404800479988610197196058631666872994808558901323829669944590997424504087073759918823627727188732519779505950995276120874975462497043601418278094646496291056393887437886487337119181045825783647849977012476632889835955735432513185323958463075557409114262417474349347553428646576611667797396668820291207379143853719588249808126867838374559731746136085379534524221586593201928090878297308431392844403281231558611036976801357304216168747609675871348312025478589320767169132448426236131412508780208000261683151027341827977704784635868170164365024153691398281264810213092761244896359928705114964975419909342221566832572080821333186116811553615836546984046708975602900950537616475847728421889679646244945160765353408198901385442487984959953319101723355556602139450399736280750137837615307127761926849034352625200015888535147331611702103968175921510907788019393178114194545257223865541461062892187960223838971476088506276862967146674697562911234082439208160153780889893964518263243671616762179168909779911903754031274622289988005195444414282012187361745992642956581746628302955570299024324153181617210465832036786906117260158783520751516284225540265170483304226143974286933061690897968482590125458327168226458066526769958652682272807075781391858178889652208164348344825993266043367660176999612831860788386150279465955131156552036093988180612138558600301435694527224206344631797460594682573103790084024432438465657245014402821885252470935190620929023136493273497565513958720559654228749774011413346962715422845862377387538230483865688976461927383814900140767310446640259899490222221765904339901886018566526485061799702356193897017860040811889729918311021171229845901641921068884387121855646124960798722908519296819372388642614839657382291123125024186649353143970137428531926649875337218940694281434118520158014123344828015051399694290153483077644569099073152433278288269864602789864321139083506217095002597389863554277196742822248757586765752344220207573630569498825087968928162753848863396909959826280956121450994871701244516461260379029309120889086942028510640182154399457156805941872748998094254742173582401063677404595741785160829230135358081840096996372524230560855903700624271243416909004153690105933983835777939410970027753472000000000000000000000000000000000000000000000000000000000000000000000000000000000000000000000000000000000000000000000000000000000000000000000000000000000000000000000000000000000000000000000000000000000000000000000000000000000000000000000000000000000' of test object 'Object Repository/Prospace_factorial (Home)/Page_Prospace factorial/p_The factorial of 1000 is 402387260---' are NOT matched.
	at com.kms.katalon.core.webui.keyword.internal.WebUIKeywordMain.stepFailed(WebUIKeywordMain.groovy:64)
	at com.kms.katalon.core.webui.keyword.builtin.VerifyElementTextKeyword$_verifyElementText_closure1.doCall(VerifyElementTextKeyword.groovy:57)
	at com.kms.katalon.core.webui.keyword.builtin.VerifyElementTextKeyword$_verifyElementText_closure1.call(VerifyElementTextKeyword.groovy)
	at com.kms.katalon.core.webui.keyword.internal.WebUIKeywordMain.runKeyword(WebUIKeywordMain.groovy:20)
	... 19 more]]></system-err>
      </testcase>
      <testcase name="Test Cases/Prospace Factorial/Calt_005" time="25.903" classname="Test Cases/Prospace Factorial/Calt_005" status="PASSED">
         <system-out><![CDATA[2021-03-31 01:13:00 - [TEST_CASE][PASSED] - Test Cases/Prospace Factorial/Calt_005: Test Cases/Prospace Factorial/Calt_005

2021-03-31 01:13:02 - [TEST_STEP][PASSED] - openBrowser(""): Browser is opened with url: ''

2021-03-31 01:13:02 - [MESSAGE][WARNING] - A browser is already opened. Closing browser and opening a new one

2021-03-31 01:13:03 - [MESSAGE][INFO] - Starting 'Chrome' driver

2021-03-31 01:13:03 - [MESSAGE][INFO] - Action delay is set to 0 milliseconds

2021-03-31 01:13:06 - [MESSAGE][PASSED] - Browser is opened with url: ''

2021-03-31 01:13:06 - [TEST_STEP][PASSED] - navigateToUrl("http://z29vzcbmaw5kaw5nigzvcib5b3u.prospace.io/"): Navigate to 'http://z29vzcbmaw5kaw5nigzvcib5b3u.prospace.io/' successfully

2021-03-31 01:13:22 - [MESSAGE][PASSED] - Navigate to 'http://z29vzcbmaw5kaw5nigzvcib5b3u.prospace.io/' successfully

2021-03-31 01:13:22 - [TEST_STEP][PASSED] - setText(findTestObject("Object Repository/Prospace_factorial (Home)/Page_Prospace factorial/input_Prospace factoral calculator_number"), "A!"): Text 'A!' is set on object 'Object Repository/Prospace_factorial (Home)/Page_Prospace factorial/input_Prospace factoral calculator_number'

2021-03-31 01:13:23 - [MESSAGE][PASSED] - Text 'A!' is set on object 'Object Repository/Prospace_factorial (Home)/Page_Prospace factorial/input_Prospace factoral calculator_number'

2021-03-31 01:13:23 - [TEST_STEP][PASSED] - click(findTestObject("Object Repository/Prospace_factorial (Home)/Page_Prospace factorial/button_Calclate")): Object: 'Object Repository/Prospace_factorial (Home)/Page_Prospace factorial/button_Calclate' is clicked on

2021-03-31 01:13:24 - [MESSAGE][PASSED] - Object: 'Object Repository/Prospace_factorial (Home)/Page_Prospace factorial/button_Calclate' is clicked on

2021-03-31 01:13:24 - [TEST_STEP][PASSED] - verifyElementText(findTestObject("Object Repository/Prospace_factorial (Home)/Page_Prospace factorial/p_Please enter an integer"), "Please enter an integer"): Actual text and expected text of test object 'Object Repository/Prospace_factorial (Home)/Page_Prospace factorial/p_Please enter an integer' are matched.

2021-03-31 01:13:25 - [MESSAGE][PASSED] - Actual text and expected text of test object 'Object Repository/Prospace_factorial (Home)/Page_Prospace factorial/p_Please enter an integer' are matched.

2021-03-31 01:13:25 - [TEST_STEP][PASSED] - closeBrowser(): Browser is closed

2021-03-31 01:13:26 - [MESSAGE][PASSED] - Browser is closed]]></system-out>
         <system-err><![CDATA[]]></system-err>
      </testcase>
      <system-out><![CDATA[2021-03-31 01:12:02 - [TEST_SUITE][FAILED] - Calt_Suite: Test Cases/Prospace Factorial/Calt_004 FAILED.
Reason:
com.kms.katalon.core.exception.StepFailedException: Verify element text of test object 'Object Repository/Prospace_factorial (Home)/Page_Prospace factorial/p_The factorial of 1000 is 402387260---' FAILED.
	at com.kms.katalon.core.webui.keyword.internal.WebUIKeywordMain.stepFailed(WebUIKeywordMain.groovy:64)
	at com.kms.katalon.core.webui.keyword.internal.WebUIKeywordMain.runKeyword(WebUIKeywordMain.groovy:26)
	at com.kms.katalon.core.webui.keyword.builtin.VerifyElementTextKeyword.verifyElementText(VerifyElementTextKeyword.groovy:72)
	at com.kms.katalon.core.webui.keyword.builtin.VerifyElementTextKeyword.execute(VerifyElementTextKeyword.groovy:40)
	at com.kms.katalon.core.keyword.internal.KeywordExecutor.executeKeywordForPlatform(KeywordExecutor.groovy:73)
	at com.kms.katalon.core.webui.keyword.WebUiBuiltInKeywords.verifyElementText(WebUiBuiltInKeywords.groovy:4690)
	at com.kms.katalon.core.webui.keyword.WebUiBuiltInKeywords$verifyElementText$3.call(Unknown Source)
	at Calt_004.run(Calt_004:29)
	at com.kms.katalon.core.main.ScriptEngine.run(ScriptEngine.java:194)
	at com.kms.katalon.core.main.ScriptEngine.runScriptAsRawText(ScriptEngine.java:119)
	at com.kms.katalon.core.main.TestCaseExecutor.runScript(TestCaseExecutor.java:398)
	at com.kms.katalon.core.main.TestCaseExecutor.doExecute(TestCaseExecutor.java:389)
	at com.kms.katalon.core.main.TestCaseExecutor.processExecutionPhase(TestCaseExecutor.java:368)
	at com.kms.katalon.core.main.TestCaseExecutor.accessMainPhase(TestCaseExecutor.java:360)
	at com.kms.katalon.core.main.TestCaseExecutor.execute(TestCaseExecutor.java:255)
	at com.kms.katalon.core.main.TestSuiteExecutor.accessTestCaseMainPhase(TestSuiteExecutor.java:203)
	at com.kms.katalon.core.main.TestSuiteExecutor.accessTestSuiteMainPhase(TestSuiteExecutor.java:152)
	at com.kms.katalon.core.main.TestSuiteExecutor.execute(TestSuiteExecutor.java:95)
	at com.kms.katalon.core.main.TestCaseMain.startTestSuite(TestCaseMain.java:157)
	at com.kms.katalon.core.main.TestCaseMain$startTestSuite$0.call(Unknown Source)
	at TempTestSuite1617127900870.run(TempTestSuite1617127900870.groovy:39)
Caused by: com.kms.katalon.core.exception.StepFailedException: Actual text 'The factorial of 1000 is: null' and expected text 'The factorial of 1000 is: 402387260077093773543702433923003985719374864210714632543799910429938512398629020592044208486969404800479988610197196058631666872994808558901323829669944590997424504087073759918823627727188732519779505950995276120874975462497043601418278094646496291056393887437886487337119181045825783647849977012476632889835955735432513185323958463075557409114262417474349347553428646576611667797396668820291207379143853719588249808126867838374559731746136085379534524221586593201928090878297308431392844403281231558611036976801357304216168747609675871348312025478589320767169132448426236131412508780208000261683151027341827977704784635868170164365024153691398281264810213092761244896359928705114964975419909342221566832572080821333186116811553615836546984046708975602900950537616475847728421889679646244945160765353408198901385442487984959953319101723355556602139450399736280750137837615307127761926849034352625200015888535147331611702103968175921510907788019393178114194545257223865541461062892187960223838971476088506276862967146674697562911234082439208160153780889893964518263243671616762179168909779911903754031274622289988005195444414282012187361745992642956581746628302955570299024324153181617210465832036786906117260158783520751516284225540265170483304226143974286933061690897968482590125458327168226458066526769958652682272807075781391858178889652208164348344825993266043367660176999612831860788386150279465955131156552036093988180612138558600301435694527224206344631797460594682573103790084024432438465657245014402821885252470935190620929023136493273497565513958720559654228749774011413346962715422845862377387538230483865688976461927383814900140767310446640259899490222221765904339901886018566526485061799702356193897017860040811889729918311021171229845901641921068884387121855646124960798722908519296819372388642614839657382291123125024186649353143970137428531926649875337218940694281434118520158014123344828015051399694290153483077644569099073152433278288269864602789864321139083506217095002597389863554277196742822248757586765752344220207573630569498825087968928162753848863396909959826280956121450994871701244516461260379029309120889086942028510640182154399457156805941872748998094254742173582401063677404595741785160829230135358081840096996372524230560855903700624271243416909004153690105933983835777939410970027753472000000000000000000000000000000000000000000000000000000000000000000000000000000000000000000000000000000000000000000000000000000000000000000000000000000000000000000000000000000000000000000000000000000000000000000000000000000000000000000000000000000000' of test object 'Object Repository/Prospace_factorial (Home)/Page_Prospace factorial/p_The factorial of 1000 is 402387260---' are NOT matched.
	at com.kms.katalon.core.webui.keyword.internal.WebUIKeywordMain.stepFailed(WebUIKeywordMain.groovy:64)
	at com.kms.katalon.core.webui.keyword.builtin.VerifyElementTextKeyword$_verifyElementText_closure1.doCall(VerifyElementTextKeyword.groovy:57)
	at com.kms.katalon.core.webui.keyword.builtin.VerifyElementTextKeyword$_verifyElementText_closure1.call(VerifyElementTextKeyword.groovy)
	at com.kms.katalon.core.webui.keyword.internal.WebUIKeywordMain.runKeyword(WebUIKeywordMain.groovy:20)
	... 19 more]]></system-out>
      <system-err><![CDATA[2021-03-31 01:12:02 - [TEST_SUITE][FAILED] - Calt_Suite: Test Cases/Prospace Factorial/Calt_004 FAILED.
Reason:
com.kms.katalon.core.exception.StepFailedException: Verify element text of test object 'Object Repository/Prospace_factorial (Home)/Page_Prospace factorial/p_The factorial of 1000 is 402387260---' FAILED.
	at com.kms.katalon.core.webui.keyword.internal.WebUIKeywordMain.stepFailed(WebUIKeywordMain.groovy:64)
	at com.kms.katalon.core.webui.keyword.internal.WebUIKeywordMain.runKeyword(WebUIKeywordMain.groovy:26)
	at com.kms.katalon.core.webui.keyword.builtin.VerifyElementTextKeyword.verifyElementText(VerifyElementTextKeyword.groovy:72)
	at com.kms.katalon.core.webui.keyword.builtin.VerifyElementTextKeyword.execute(VerifyElementTextKeyword.groovy:40)
	at com.kms.katalon.core.keyword.internal.KeywordExecutor.executeKeywordForPlatform(KeywordExecutor.groovy:73)
	at com.kms.katalon.core.webui.keyword.WebUiBuiltInKeywords.verifyElementText(WebUiBuiltInKeywords.groovy:4690)
	at com.kms.katalon.core.webui.keyword.WebUiBuiltInKeywords$verifyElementText$3.call(Unknown Source)
	at Calt_004.run(Calt_004:29)
	at com.kms.katalon.core.main.ScriptEngine.run(ScriptEngine.java:194)
	at com.kms.katalon.core.main.ScriptEngine.runScriptAsRawText(ScriptEngine.java:119)
	at com.kms.katalon.core.main.TestCaseExecutor.runScript(TestCaseExecutor.java:398)
	at com.kms.katalon.core.main.TestCaseExecutor.doExecute(TestCaseExecutor.java:389)
	at com.kms.katalon.core.main.TestCaseExecutor.processExecutionPhase(TestCaseExecutor.java:368)
	at com.kms.katalon.core.main.TestCaseExecutor.accessMainPhase(TestCaseExecutor.java:360)
	at com.kms.katalon.core.main.TestCaseExecutor.execute(TestCaseExecutor.java:255)
	at com.kms.katalon.core.main.TestSuiteExecutor.accessTestCaseMainPhase(TestSuiteExecutor.java:203)
	at com.kms.katalon.core.main.TestSuiteExecutor.accessTestSuiteMainPhase(TestSuiteExecutor.java:152)
	at com.kms.katalon.core.main.TestSuiteExecutor.execute(TestSuiteExecutor.java:95)
	at com.kms.katalon.core.main.TestCaseMain.startTestSuite(TestCaseMain.java:157)
	at com.kms.katalon.core.main.TestCaseMain$startTestSuite$0.call(Unknown Source)
	at TempTestSuite1617127900870.run(TempTestSuite1617127900870.groovy:39)
Caused by: com.kms.katalon.core.exception.StepFailedException: Actual text 'The factorial of 1000 is: null' and expected text 'The factorial of 1000 is: 402387260077093773543702433923003985719374864210714632543799910429938512398629020592044208486969404800479988610197196058631666872994808558901323829669944590997424504087073759918823627727188732519779505950995276120874975462497043601418278094646496291056393887437886487337119181045825783647849977012476632889835955735432513185323958463075557409114262417474349347553428646576611667797396668820291207379143853719588249808126867838374559731746136085379534524221586593201928090878297308431392844403281231558611036976801357304216168747609675871348312025478589320767169132448426236131412508780208000261683151027341827977704784635868170164365024153691398281264810213092761244896359928705114964975419909342221566832572080821333186116811553615836546984046708975602900950537616475847728421889679646244945160765353408198901385442487984959953319101723355556602139450399736280750137837615307127761926849034352625200015888535147331611702103968175921510907788019393178114194545257223865541461062892187960223838971476088506276862967146674697562911234082439208160153780889893964518263243671616762179168909779911903754031274622289988005195444414282012187361745992642956581746628302955570299024324153181617210465832036786906117260158783520751516284225540265170483304226143974286933061690897968482590125458327168226458066526769958652682272807075781391858178889652208164348344825993266043367660176999612831860788386150279465955131156552036093988180612138558600301435694527224206344631797460594682573103790084024432438465657245014402821885252470935190620929023136493273497565513958720559654228749774011413346962715422845862377387538230483865688976461927383814900140767310446640259899490222221765904339901886018566526485061799702356193897017860040811889729918311021171229845901641921068884387121855646124960798722908519296819372388642614839657382291123125024186649353143970137428531926649875337218940694281434118520158014123344828015051399694290153483077644569099073152433278288269864602789864321139083506217095002597389863554277196742822248757586765752344220207573630569498825087968928162753848863396909959826280956121450994871701244516461260379029309120889086942028510640182154399457156805941872748998094254742173582401063677404595741785160829230135358081840096996372524230560855903700624271243416909004153690105933983835777939410970027753472000000000000000000000000000000000000000000000000000000000000000000000000000000000000000000000000000000000000000000000000000000000000000000000000000000000000000000000000000000000000000000000000000000000000000000000000000000000000000000000000000000000' of test object 'Object Repository/Prospace_factorial (Home)/Page_Prospace factorial/p_The factorial of 1000 is 402387260---' are NOT matched.
	at com.kms.katalon.core.webui.keyword.internal.WebUIKeywordMain.stepFailed(WebUIKeywordMain.groovy:64)
	at com.kms.katalon.core.webui.keyword.builtin.VerifyElementTextKeyword$_verifyElementText_closure1.doCall(VerifyElementTextKeyword.groovy:57)
	at com.kms.katalon.core.webui.keyword.builtin.VerifyElementTextKeyword$_verifyElementText_closure1.call(VerifyElementTextKeyword.groovy)
	at com.kms.katalon.core.webui.keyword.internal.WebUIKeywordMain.runKeyword(WebUIKeywordMain.groovy:20)
	... 19 more]]></system-err>
   </testsuite>
</testsuites>
